<?xml version="1.0" encoding="UTF-8"?>
<!-- Generated by org.testng.reporters.JUnitReportReporter -->
<testsuite hostname="DESKTOP-CN9HF5L" failures="0" tests="3" name="com.Learning_TestNG.Learning_priorityAtrrribute" time="0.020" errors="0" timestamp="2024-06-03T10:31:56 IST" skipped="0">
  <testcase classname="com.Learning_TestNG.Learning_priorityAtrrribute" name="registerTest" time="0.014"/>
  <system-out>
    <![CDATA[Exceuting Register Test case]]>
  </system-out>
  <testcase classname="com.Learning_TestNG.Learning_priorityAtrrribute" name="loginTest" time="0.002"/>
  <system-out>
    <![CDATA[Exceuting Login Test Case]]>
  </system-out>
  <testcase classname="com.Learning_TestNG.Learning_priorityAtrrribute" name="addToCartTest" time="0.004"/>
  <system-out>
    <![CDATA[Executing add to cart test case]]>
  </system-out>
</testsuite> <!-- com.Learning_TestNG.Learning_priorityAtrrribute -->
