<?xml version="1.0" encoding="UTF-8"?>
<!-- Generated by org.testng.reporters.JUnitReportReporter -->
<testsuite hostname="DESKTOP-CN9HF5L" failures="0" tests="2" name="com.Test_Scripts.Cart_Test" time="16.606" errors="0" timestamp="2024-06-29T19:36:32 IST" skipped="0">
  <testcase classname="com.Test_Scripts.Cart_Test" name="addProductToCartTest" time="7.958"/>
  <system-out/>
  <testcase classname="com.Test_Scripts.Cart_Test" name="removeProductFromTheCart" time="8.648"/>
  <system-out/>
</testsuite> <!-- com.Test_Scripts.Cart_Test -->
