<?xml version="1.0" encoding="UTF-8"?>
<!-- Generated by org.testng.reporters.JUnitReportReporter -->
<testsuite hostname="DESKTOP-CN9HF5L" failures="0" tests="3" name="com.Learning_TestNG.Learning_EnabledAttribute" time="0.015" errors="0" timestamp="2024-05-16T14:53:21 IST" skipped="1">
  <testcase classname="com.Learning_TestNG.Learning_EnabledAttribute" name="loginTest" time="0.013"/>
  <system-out>
    <![CDATA[Exceuting Login Test Case]]>
  </system-out>
  <testcase classname="com.Learning_TestNG.Learning_EnabledAttribute" name="addToCartTest" time="0.002"/>
  <system-out>
    <![CDATA[Executing add to cart test case]]>
  </system-out>
  <testcase classname="com.Learning_TestNG.Learning_EnabledAttribute" name="registerTest">
    <skipped/>
  </testcase> <!-- registerTest -->
  <system-out/>
</testsuite> <!-- com.Learning_TestNG.Learning_EnabledAttribute -->
