<?xml version="1.0" encoding="UTF-8"?>
<!-- Generated by org.testng.reporters.JUnitReportReporter -->
<testsuite hostname="DESKTOP-CN9HF5L" failures="0" tests="5" name="com.Learning_TestNG.Learning_ThreadPool_Size" time="41.240" errors="0" timestamp="2024-08-03T15:34:18 IST" skipped="0">
  <testcase classname="com.Learning_TestNG.Learning_ThreadPool_Size" name="loginTest" time="9.771"/>
  <system-out/>
  <testcase classname="com.Learning_TestNG.Learning_ThreadPool_Size" name="loginTest" time="8.281"/>
  <system-out/>
  <testcase classname="com.Learning_TestNG.Learning_ThreadPool_Size" name="loginTest" time="8.009"/>
  <system-out/>
  <testcase classname="com.Learning_TestNG.Learning_ThreadPool_Size" name="loginTest" time="9.676"/>
  <system-out/>
  <testcase classname="com.Learning_TestNG.Learning_ThreadPool_Size" name="loginTest" time="5.503"/>
  <system-out/>
</testsuite> <!-- com.Learning_TestNG.Learning_ThreadPool_Size -->
