<?xml version="1.0" encoding="UTF-8"?>
<!-- Generated by org.testng.reporters.JUnitReportReporter -->
<testsuite hostname="DESKTOP-CN9HF5L" failures="0" tests="1" name="com.Learning_TestNG.Learning_Hard_Assert" time="12.505" errors="0" timestamp="2024-05-31T14:05:39 IST" skipped="0">
  <testcase classname="com.Learning_TestNG.Learning_Hard_Assert" name="DWSloginTest" time="12.505"/>
  <system-out/>
</testsuite> <!-- com.Learning_TestNG.Learning_Hard_Assert -->
