<?xml version="1.0" encoding="UTF-8"?>
<!-- Generated by org.testng.reporters.JUnitReportReporter -->
<testsuite hostname="DESKTOP-CN9HF5L" failures="0" tests="1" name="com.Learning_TestNG.Learning_Properties_File" time="14.671" errors="0" timestamp="2024-05-28T11:24:33 IST" skipped="0">
  <testcase classname="com.Learning_TestNG.Learning_Properties_File" name="loginToDWS" time="14.671"/>
  <system-out/>
</testsuite> <!-- com.Learning_TestNG.Learning_Properties_File -->
