<?xml version="1.0" encoding="UTF-8"?>
<!-- Generated by org.testng.reporters.JUnitReportReporter -->
<testsuite hostname="DESKTOP-CN9HF5L" failures="0" tests="1" name="com.Learning_TestNG.First_TestNG_Class" time="0.014" errors="0" timestamp="2024-05-21T19:09:52 IST" skipped="0">
  <testcase classname="com.Learning_TestNG.First_TestNG_Class" name="loginTest" time="0.014"/>
  <system-out>
    <![CDATA[Executing Login Test Case]]>
  </system-out>
</testsuite> <!-- com.Learning_TestNG.First_TestNG_Class -->
