<?xml version="1.0" encoding="UTF-8"?>
<!-- Generated by org.testng.reporters.JUnitReportReporter -->
<testsuite hostname="DESKTOP-CN9HF5L" failures="0" tests="1" name="com.Learning_TestNG.Fetching_Single_Data_FromExcel" time="14.690" errors="0" timestamp="2024-06-17T10:58:59 IST" skipped="0">
  <testcase classname="com.Learning_TestNG.Fetching_Single_Data_FromExcel" name="RegisterToDWS" time="14.690"/>
  <system-out/>
</testsuite> <!-- com.Learning_TestNG.Fetching_Single_Data_FromExcel -->
