<?xml version="1.0" encoding="UTF-8"?>
<!-- Generated by org.testng.reporters.JUnitReportReporter -->
<testsuite hostname="DESKTOP-CN9HF5L" failures="0" tests="5" name="com.Learning_TestNG.Learning_innvocation_Count" time="28.609" errors="0" timestamp="2024-05-16T15:11:01 IST" skipped="0">
  <testcase classname="com.Learning_TestNG.Learning_innvocation_Count" name="loginTest" time="7.815"/>
  <system-out/>
  <testcase classname="com.Learning_TestNG.Learning_innvocation_Count" name="loginTest" time="5.124"/>
  <system-out/>
  <testcase classname="com.Learning_TestNG.Learning_innvocation_Count" name="loginTest" time="5.675"/>
  <system-out/>
  <testcase classname="com.Learning_TestNG.Learning_innvocation_Count" name="loginTest" time="4.913"/>
  <system-out/>
  <testcase classname="com.Learning_TestNG.Learning_innvocation_Count" name="loginTest" time="5.082"/>
  <system-out/>
</testsuite> <!-- com.Learning_TestNG.Learning_innvocation_Count -->
