<?xml version="1.0" encoding="UTF-8"?>
<!-- Generated by org.testng.reporters.JUnitReportReporter -->
<testsuite hostname="DESKTOP-CN9HF5L" failures="0" tests="1" name="com.Learning_TestNG.Learning_External_Reports" time="16.554" errors="0" timestamp="2024-06-03T13:33:15 IST" skipped="0">
  <testcase classname="com.Learning_TestNG.Learning_External_Reports" name="loginTest" time="16.554"/>
  <system-out/>
</testsuite> <!-- com.Learning_TestNG.Learning_External_Reports -->
