<?xml version="1.0" encoding="UTF-8"?>
<!-- Generated by org.testng.reporters.JUnitReportReporter -->
<testsuite hostname="DESKTOP-CN9HF5L" failures="0" tests="2" name="Configure_Annotation.Chronological_order" time="0.014" errors="0" timestamp="2024-05-21T19:01:02 IST" skipped="0">
  <testcase classname="Configure_Annotation.Chronological_order" name="testregister" time="0.010"/>
  <system-out>
    <![CDATA[Testing Register Feature......]]>
  </system-out>
  <testcase classname="Configure_Annotation.Chronological_order" name="testlogin" time="0.004"/>
  <system-out>
    <![CDATA[Testing Login Feature......]]>
  </system-out>
</testsuite> <!-- Configure_Annotation.Chronological_order -->
