<?xml version="1.0" encoding="UTF-8"?>
<!-- Generated by org.testng.reporters.JUnitReportReporter -->
<testsuite hostname="DESKTOP-CN9HF5L" failures="0" tests="4" name="com.Learning_TestNG.Using_File_Utility" time="54.226" errors="0" timestamp="2024-06-03T11:16:22 IST" skipped="0">
  <testcase classname="com.Learning_TestNG.Using_File_Utility" name="loginToDWSByUsingMultipleData" time="14.248"/>
  <system-out/>
  <testcase classname="com.Learning_TestNG.Using_File_Utility" name="loginToDWSByUsingMultipleData" time="12.708"/>
  <system-out/>
  <testcase classname="com.Learning_TestNG.Using_File_Utility" name="loginToDWSByUsingMultipleData" time="14.373"/>
  <system-out/>
  <testcase classname="com.Learning_TestNG.Using_File_Utility" name="loginToDWSByUsingMultipleData" time="12.897"/>
  <system-out/>
</testsuite> <!-- com.Learning_TestNG.Using_File_Utility -->
