<?xml version="1.0" encoding="UTF-8"?>
<!-- Generated by org.testng.reporters.JUnitReportReporter -->
<testsuite hostname="DESKTOP-CN9HF5L" failures="0" tests="3" name="com.Learning_TestNG.Learning_DependsOn_Methods" time="0.032" errors="0" timestamp="2024-05-16T14:38:40 IST" skipped="0">
  <testcase classname="com.Learning_TestNG.Learning_DependsOn_Methods" name="addToCartTest" time="0.005"/>
  <system-out>
    <![CDATA[Executing add to cart test case]]>
  </system-out>
  <testcase classname="com.Learning_TestNG.Learning_DependsOn_Methods" name="loginTest" time="0.004"/>
  <system-out>
    <![CDATA[Exceuting Login Test Case]]>
  </system-out>
  <testcase classname="com.Learning_TestNG.Learning_DependsOn_Methods" name="registerTest" time="0.023"/>
  <system-out>
    <![CDATA[Exceuting Register Test case]]>
  </system-out>
</testsuite> <!-- com.Learning_TestNG.Learning_DependsOn_Methods -->
